t:\educ\4 sem\cryptography\l2\lproect\x64\debug\vc143.pdb
t:\educ\4 sem\cryptography\l2\lproect\x64\debug\passthrough.obj
t:\educ\4 sem\cryptography\l2\lproect\x64\debug\aes.obj
t:\educ\4 sem\cryptography\l2\lproect\x64\debug\passthrough\passthrough.cat
t:\educ\4 sem\cryptography\l2\lproect\x64\debug\passthrough.sys
t:\educ\4 sem\cryptography\l2\lproect\x64\debug\passthrough.pdb
t:\educ\4 sem\cryptography\l2\lproect\x64\debug\passthrough.res
t:\educ\4 sem\cryptography\l2\lproect\x64\debug\passthrough.inf
t:\educ\4 sem\cryptography\l2\lproect\x64\debug\passthrough.tlog\cl.command.1.tlog
t:\educ\4 sem\cryptography\l2\lproect\x64\debug\passthrough.tlog\cl.read.1.tlog
t:\educ\4 sem\cryptography\l2\lproect\x64\debug\passthrough.tlog\cl.write.1.tlog
t:\educ\4 sem\cryptography\l2\lproect\x64\debug\passthrough.tlog\inf2cat-expand.9208.read.1.tlog
t:\educ\4 sem\cryptography\l2\lproect\x64\debug\passthrough.tlog\inf2cat-expand.9208.write.1.tlog
t:\educ\4 sem\cryptography\l2\lproect\x64\debug\passthrough.tlog\inf2cat-expand.read.1.tlog
t:\educ\4 sem\cryptography\l2\lproect\x64\debug\passthrough.tlog\inf2cat-expand.write.1.tlog
t:\educ\4 sem\cryptography\l2\lproect\x64\debug\passthrough.tlog\inf2cat.command.1.tlog
t:\educ\4 sem\cryptography\l2\lproect\x64\debug\passthrough.tlog\inf2cat.read.1.tlog
t:\educ\4 sem\cryptography\l2\lproect\x64\debug\passthrough.tlog\inf2cat.write.1.tlog
t:\educ\4 sem\cryptography\l2\lproect\x64\debug\passthrough.tlog\link.command.1.tlog
t:\educ\4 sem\cryptography\l2\lproect\x64\debug\passthrough.tlog\link.read.1.tlog
t:\educ\4 sem\cryptography\l2\lproect\x64\debug\passthrough.tlog\link.write.1.tlog
t:\educ\4 sem\cryptography\l2\lproect\x64\debug\passthrough.tlog\rc.command.1.tlog
t:\educ\4 sem\cryptography\l2\lproect\x64\debug\passthrough.tlog\rc.read.1.tlog
t:\educ\4 sem\cryptography\l2\lproect\x64\debug\passthrough.tlog\rc.write.1.tlog
t:\educ\4 sem\cryptography\l2\lproect\x64\debug\passthrough.tlog\signtool.command.1.tlog
t:\educ\4 sem\cryptography\l2\lproect\x64\debug\passthrough.tlog\signtool.read.1.tlog
t:\educ\4 sem\cryptography\l2\lproect\x64\debug\passthrough.tlog\signtool.timestamp.1.tlog
t:\educ\4 sem\cryptography\l2\lproect\x64\debug\passthrough.tlog\signtool.write.1.tlog
t:\educ\4 sem\cryptography\l2\lproect\x64\debug\passthrough.tlog\stampinf.command.1.tlog
t:\educ\4 sem\cryptography\l2\lproect\x64\debug\passthrough.tlog\stampinf.read.1.tlog
t:\educ\4 sem\cryptography\l2\lproect\x64\debug\passthrough.tlog\stampinf.write.1.tlog
